<?xml version="1.0" encoding="UTF-8"?>
<testng-results skipped="0" failed="0" total="1" passed="1">
  <reporter-output>
  </reporter-output>
  <suite name="Default suite" duration-ms="12057" started-at="2019-05-23T05:43:01Z" finished-at="2019-05-23T05:43:13Z">
    <groups>
      <group name="cucumber">
        <method signature="AbstractTestNGCucumberTests.feature(cucumber.api.testng.CucumberFeatureWrapper)[pri:0, instance:testrun.testRunner@6e1567f1]" name="feature" class="cucumber.api.testng.AbstractTestNGCucumberTests"/>
      </group> <!-- cucumber -->
    </groups>
    <test name="Default test" duration-ms="12057" started-at="2019-05-23T05:43:01Z" finished-at="2019-05-23T05:43:13Z">
      <class name="testrun.testRunner">
        <test-method status="PASS" signature="setUpClass()[pri:0, instance:testrun.testRunner@6e1567f1]" name="setUpClass" is-config="true" duration-ms="356" started-at="2019-05-23T11:13:01Z" finished-at="2019-05-23T11:13:01Z">
          <reporter-output>
          </reporter-output>
        </test-method> <!-- setUpClass -->
        <test-method status="PASS" signature="feature(cucumber.api.testng.CucumberFeatureWrapper)[pri:0, instance:testrun.testRunner@6e1567f1]" name="feature" duration-ms="11546" started-at="2019-05-23T11:13:02Z" description="Runs Cucumber Feature" data-provider="features" finished-at="2019-05-23T11:13:13Z">
          <params>
            <param index="0">
              <value>
                <![CDATA[Google Search]]>
              </value>
            </param>
          </params>
          <reporter-output>
          </reporter-output>
        </test-method> <!-- feature -->
        <test-method status="PASS" signature="tearDownClass()[pri:0, instance:testrun.testRunner@6e1567f1]" name="tearDownClass" is-config="true" duration-ms="4" started-at="2019-05-23T11:13:13Z" finished-at="2019-05-23T11:13:13Z">
          <reporter-output>
          </reporter-output>
        </test-method> <!-- tearDownClass -->
      </class> <!-- testrun.testRunner -->
    </test> <!-- Default test -->
  </suite> <!-- Default suite -->
</testng-results>
